time="2025-12-25 11:03:44" level=info msg="Key: 'UserService.Nickname' Error:Field validation for 'Nickname' failed on the 'required' tag\nKey: 'UserService.UserName' Error:Field validation for 'UserName' failed on the 'required' tag\nKey: 'UserService.Password' Error:Field validation for 'Password' failed on the 'required' tag"
time="2025-12-25 11:11:22" level=info msg="Key: 'UserService.Nickname' Error:Field validation for 'Nickname' failed on the 'required' tag\nKey: 'UserService.UserName' Error:Field validation for 'UserName' failed on the 'required' tag\nKey: 'UserService.Password' Error:Field validation for 'Password' failed on the 'required' tag"
time="2025-12-25 11:11:25" level=info msg="Key: 'UserService.Nickname' Error:Field validation for 'Nickname' failed on the 'required' tag\nKey: 'UserService.UserName' Error:Field validation for 'UserName' failed on the 'required' tag\nKey: 'UserService.Password' Error:Field validation for 'Password' failed on the 'required' tag"
time="2025-12-25 11:11:26" level=info msg="Key: 'UserService.Nickname' Error:Field validation for 'Nickname' failed on the 'required' tag\nKey: 'UserService.UserName' Error:Field validation for 'UserName' failed on the 'required' tag\nKey: 'UserService.Password' Error:Field validation for 'Password' failed on the 'required' tag"
time="2025-12-25 11:11:40" level=info msg="Key: 'UserService.Nickname' Error:Field validation for 'Nickname' failed on the 'required' tag\nKey: 'UserService.UserName' Error:Field validation for 'UserName' failed on the 'required' tag\nKey: 'UserService.Password' Error:Field validation for 'Password' failed on the 'required' tag"
time="2025-12-25 11:12:54" level=info msg="Key: 'UserService.Nickname' Error:Field validation for 'Nickname' failed on the 'required' tag\nKey: 'UserService.UserName' Error:Field validation for 'UserName' failed on the 'required' tag\nKey: 'UserService.Password' Error:Field validation for 'Password' failed on the 'required' tag"
time="2025-12-25 11:12:55" level=info msg="Key: 'UserService.Nickname' Error:Field validation for 'Nickname' failed on the 'required' tag\nKey: 'UserService.UserName' Error:Field validation for 'UserName' failed on the 'required' tag\nKey: 'UserService.Password' Error:Field validation for 'Password' failed on the 'required' tag"
time="2025-12-25 14:00:17" level=info msg="Key: 'UserService.Nickname' Error:Field validation for 'Nickname' failed on the 'required' tag\nKey: 'UserService.UserName' Error:Field validation for 'UserName' failed on the 'required' tag\nKey: 'UserService.Password' Error:Field validation for 'Password' failed on the 'required' tag"
time="2025-12-25 14:04:13" level=info msg="Key: 'UserService.Nickname' Error:Field validation for 'Nickname' failed on the 'required' tag"
time="2025-12-25 14:05:10" level=info msg="Key: 'UserService.Nickname' Error:Field validation for 'Nickname' failed on the 'required' tag"
time="2025-12-25 14:05:34" level=info msg="Key: 'UserService.Nickname' Error:Field validation for 'Nickname' failed on the 'required' tag"
time="2025-12-25 14:06:24" level=info msg="Key: 'UserService.Nickname' Error:Field validation for 'Nickname' failed on the 'required' tag"
time="2025-12-25 14:07:38" level=info msg="Key: 'UserService.Nickname' Error:Field validation for 'Nickname' failed on the 'required' tag"
time="2025-12-25 14:20:36" level=info msg="Key: 'UserRegisterService.Nickname' Error:Field validation for 'Nickname' failed on the 'required' tag\nKey: 'UserRegisterService.UserName' Error:Field validation for 'UserName' failed on the 'required' tag\nKey: 'UserRegisterService.Password' Error:Field validation for 'Password' failed on the 'required' tag\nKey: 'UserRegisterService.Key' Error:Field validation for 'Key' failed on the 'required' tag"
time="2025-12-25 14:24:10" level=info msg="Key: 'UserRegisterService.Nickname' Error:Field validation for 'Nickname' failed on the 'required' tag\nKey: 'UserRegisterService.UserName' Error:Field validation for 'UserName' failed on the 'required' tag\nKey: 'UserRegisterService.Password' Error:Field validation for 'Password' failed on the 'required' tag\nKey: 'UserRegisterService.Key' Error:Field validation for 'Key' failed on the 'required' tag"
time="2025-12-25 14:25:38" level=info msg="invalid character '/' looking for beginning of object key string"
time="2025-12-25 14:25:59" level=info msg="invalid character '/' looking for beginning of object key string"
time="2025-12-25 14:26:11" level=info msg="Key: 'UserRegisterService.UserName' Error:Field validation for 'UserName' failed on the 'required' tag\nKey: 'UserRegisterService.Key' Error:Field validation for 'Key' failed on the 'len' tag"
time="2025-12-25 14:26:46" level=info msg="Key: 'UserRegisterService.UserName' Error:Field validation for 'UserName' failed on the 'required' tag"
time="2025-12-25 14:28:21" level=info msg="Key: 'UserRegisterService.UserName' Error:Field validation for 'UserName' failed on the 'required' tag\nKey: 'UserRegisterService.Key' Error:Field validation for 'Key' failed on the 'len' tag"
time="2025-12-25 14:28:41" level=info msg="Key: 'UserRegisterService.UserName' Error:Field validation for 'UserName' failed on the 'required' tag"
time="2025-12-25 16:54:21" level=info msg="invalid character '}' looking for beginning of object key string"
