time="2025-12-29 19:19:58" level=info msg="Key: 'UserRegisterService.Nickname' Error:Field validation for 'Nickname' failed on the 'max' tag"
time="2025-12-29 19:33:12" level=info msg="使用七牛云存储模式上传头像，用户ID: 13, 文件大小: 542902"
time="2025-12-29 19:37:23" level=info msg="使用七牛云存储模式上传头像，用户ID: 13, 文件大小: 542902"
time="2025-12-29 20:07:41" level=info msg="=== DELETE PRODUCT API CALLED ==="
time="2025-12-29 20:07:41" level=info msg="开始删除商品，ID:1"
time="2025-12-29 20:07:41" level=info msg="参数绑定成功，调用service"
time="2025-12-29 20:07:41" level=info msg="删除商品结果:{200 <nil> ok }"
time="2025-12-29 20:08:32" level=info msg="=== DELETE PRODUCT API CALLED ==="
time="2025-12-29 20:08:32" level=info msg="开始删除商品，ID:1"
time="2025-12-29 20:08:32" level=info msg="参数绑定成功，调用service"
time="2025-12-29 20:08:32" level=info msg="删除商品结果:{40001 <nil> 删除商品失败 record not found}"
time="2025-12-29 20:09:16" level=info msg="=== DELETE PRODUCT API CALLED ==="
time="2025-12-29 20:09:16" level=info msg="开始删除商品，ID:2"
time="2025-12-29 20:09:16" level=info msg="参数绑定成功，调用service"
time="2025-12-29 20:09:16" level=info msg="删除商品结果:{200 <nil> ok }"
time="2025-12-29 20:10:13" level=info msg="=== DELETE PRODUCT API CALLED ==="
time="2025-12-29 20:10:13" level=info msg="开始删除商品，ID:3"
time="2025-12-29 20:10:13" level=info msg="参数绑定成功，调用service"
time="2025-12-29 20:10:13" level=info msg="删除商品结果:{200 <nil> ok }"
time="2025-12-29 20:11:13" level=info msg="=== DELETE PRODUCT API CALLED ==="
time="2025-12-29 20:11:13" level=info msg="开始删除商品，ID:4"
time="2025-12-29 20:11:13" level=info msg="参数绑定成功，调用service"
time="2025-12-29 20:11:13" level=info msg="删除商品结果:{200 <nil> ok }"
time="2025-12-29 20:12:08" level=info msg="=== DELETE PRODUCT API CALLED ==="
time="2025-12-29 20:12:08" level=info msg="开始删除商品，ID:5"
time="2025-12-29 20:12:08" level=info msg="参数绑定成功，调用service"
time="2025-12-29 20:12:08" level=info msg="删除商品结果:{200 <nil> ok }"
